!SESSION 2011-12-23 17:09:17.474 -----------------------------------------------
eclipse.buildId=unknown
java.version=1.6.0_29
java.vendor=Sun Microsystems Inc.
BootLoader constants: OS=win32, ARCH=x86_64, WS=win32, NL=zh_CN

!ENTRY org.eclipse.osgi 4 0 2011-12-23 17:09:18.039
!MESSAGE Startup error
!STACK 1
java.lang.ExceptionInInitializerError
	at org.eclipse.osgi.framework.internal.core.Framework.initialize(Framework.java:218)
	at org.eclipse.osgi.framework.internal.core.Framework.<init>(Framework.java:162)
	at org.eclipse.core.runtime.adaptor.EclipseStarter.startup(EclipseStarter.java:261)
	at org.eclipse.core.runtime.adaptor.EclipseStarter.run(EclipseStarter.java:175)
	at org.eclipse.core.runtime.adaptor.EclipseStarter.main(EclipseStarter.java:150)
	at org.springframework.osgi.test.platform.EquinoxPlatform.start(EquinoxPlatform.java:73)
	at org.springframework.osgi.test.AbstractOsgiTests.startup(AbstractOsgiTests.java:237)
	at org.springframework.osgi.test.AbstractOsgiTests.prepareTestExecution(AbstractOsgiTests.java:374)
	at org.springframework.osgi.test.AbstractOsgiTests.runBare(AbstractOsgiTests.java:203)
	at org.springframework.osgi.test.AbstractOsgiTests$1.protect(AbstractOsgiTests.java:184)
	at junit.framework.TestResult.runProtected(TestResult.java:124)
	at org.springframework.osgi.test.AbstractOsgiTests.run(AbstractOsgiTests.java:181)
	at junit.framework.TestSuite.runTest(TestSuite.java:230)
	at junit.framework.TestSuite.run(TestSuite.java:225)
	at org.eclipse.jdt.internal.junit.runner.junit3.JUnit3TestReference.run(JUnit3TestReference.java:130)
	at org.eclipse.jdt.internal.junit.runner.TestExecution.run(TestExecution.java:38)
	at org.eclipse.jdt.internal.junit.runner.RemoteTestRunner.runTests(RemoteTestRunner.java:467)
	at org.eclipse.jdt.internal.junit.runner.RemoteTestRunner.runTests(RemoteTestRunner.java:683)
	at org.eclipse.jdt.internal.junit.runner.RemoteTestRunner.run(RemoteTestRunner.java:390)
	at org.eclipse.jdt.internal.junit.runner.RemoteTestRunner.main(RemoteTestRunner.java:197)
Caused by: java.lang.SecurityException: class "org.osgi.framework.hooks.service.EventListenerHook"'s signer information does not match signer information of other classes in the same package
	at java.lang.ClassLoader.checkCerts(ClassLoader.java:806)
	at java.lang.ClassLoader.preDefineClass(ClassLoader.java:487)
	at java.lang.ClassLoader.defineClassCond(ClassLoader.java:625)
	at java.lang.ClassLoader.defineClass(ClassLoader.java:615)
	at java.security.SecureClassLoader.defineClass(SecureClassLoader.java:141)
	at java.net.URLClassLoader.defineClass(URLClassLoader.java:283)
	at java.net.URLClassLoader.access$000(URLClassLoader.java:58)
	at java.net.URLClassLoader$1.run(URLClassLoader.java:197)
	at java.security.AccessController.doPrivileged(Native Method)
	at java.net.URLClassLoader.findClass(URLClassLoader.java:190)
	at java.lang.ClassLoader.loadClass(ClassLoader.java:306)
	at sun.misc.Launcher$AppClassLoader.loadClass(Launcher.java:301)
	at java.lang.ClassLoader.loadClass(ClassLoader.java:247)
	at java.lang.Class.forName0(Native Method)
	at java.lang.Class.forName(Class.java:169)
	at org.eclipse.osgi.internal.serviceregistry.ServiceRegistry.<clinit>(ServiceRegistry.java:36)
	... 20 more
